{
  "RSpec": {
    "coverage": {
      "/Users/trey/Turing/Module2/dinner_dash/spec/features/admin_manages_items_spec.rb": [
        1,
        null,
        1,
        1,
        null,
        1,
        0,
        0,
        0,
        0,
        null,
        null,
        1,
        0,
        0,
        0,
        0,
        0,
        0,
        0,
        0,
        null,
        null,
        1,
        0,
        0,
        0,
        0,
        0,
        0,
        0,
        0,
        null,
        null,
        null,
        null,
        null
      ],
      "/Users/trey/Turing/Module2/dinner_dash/spec/rails_helper.rb": [
        1,
        1,
        1,
        1,
        null,
        null,
        1,
        null,
        1,
        1,
        null,
        null,
        null,
        1,
        null,
        1,
        null,
        null,
        1,
        null,
        1,
        1,
        1,
        1,
        null
      ],
      "/Users/trey/Turing/Module2/dinner_dash/config/environment.rb": [
        null,
        1,
        null,
        null,
        1
      ],
      "/Users/trey/Turing/Module2/dinner_dash/config/application.rb": [
        1,
        null,
        null,
        1,
        1,
        1,
        1,
        1,
        1,
        1,
        null,
        null,
        null,
        null,
        1,
        null,
        1,
        1,
        null,
        null,
        null,
        null,
        null,
        null,
        null,
        null,
        null,
        null,
        null,
        null,
        null,
        1,
        null,
        null
      ],
      "/Users/trey/Turing/Module2/dinner_dash/config/boot.rb": [
        1,
        null,
        1
      ],
      "/Users/trey/Turing/Module2/dinner_dash/config/environments/test.rb": [
        1,
        null,
        null,
        null,
        null,
        null,
        null,
        1,
        null,
        null,
        null,
        null,
        1,
        null,
        null,
        1,
        1,
        null,
        null,
        1,
        1,
        null,
        null,
        1,
        null,
        null,
        1,
        null,
        null,
        null,
        null,
        1,
        null,
        null,
        1,
        null,
        null,
        1,
        null,
        null,
        null,
        null
      ],
      "/Users/trey/Turing/Module2/dinner_dash/config/initializers/assets.rb": [
        null,
        null,
        null,
        1,
        null,
        null,
        null,
        null,
        null,
        null,
        null
      ],
      "/Users/trey/Turing/Module2/dinner_dash/config/initializers/backtrace_silencers.rb": [
        null,
        null,
        null,
        null,
        null,
        null,
        null
      ],
      "/Users/trey/Turing/Module2/dinner_dash/config/initializers/cookies_serializer.rb": [
        null,
        null,
        1
      ],
      "/Users/trey/Turing/Module2/dinner_dash/config/initializers/filter_parameter_logging.rb": [
        null,
        null,
        null,
        1
      ],
      "/Users/trey/Turing/Module2/dinner_dash/config/initializers/inflections.rb": [
        null,
        null,
        null,
        null,
        null,
        null,
        null,
        null,
        null,
        null,
        null,
        null,
        null,
        null,
        null,
        null
      ],
      "/Users/trey/Turing/Module2/dinner_dash/config/initializers/mime_types.rb": [
        null,
        null,
        null,
        null
      ],
      "/Users/trey/Turing/Module2/dinner_dash/config/initializers/session_store.rb": [
        null,
        null,
        1
      ],
      "/Users/trey/Turing/Module2/dinner_dash/config/initializers/wrap_parameters.rb": [
        null,
        null,
        null,
        null,
        null,
        null,
        1,
        1,
        null,
        null,
        null,
        null,
        null,
        null
      ],
      "/Users/trey/Turing/Module2/dinner_dash/spec/factories/item.rb": [
        1,
        1,
        1,
        1,
        1,
        1,
        null,
        null
      ],
      "/Users/trey/Turing/Module2/dinner_dash/config/routes.rb": [
        1,
        null,
        1,
        null,
        1,
        1,
        1,
        1,
        null,
        1,
        1,
        null,
        null,
        1,
        1,
        1,
        1,
        null,
        1,
        1,
        null,
        1,
        1,
        null,
        null,
        1,
        null,
        null
      ],
      "/Users/trey/Turing/Module2/dinner_dash/app/helpers/application_helper.rb": [
        1,
        null
      ],
      "/Users/trey/Turing/Module2/dinner_dash/spec/features/unauthenticated_users_feature_spec.rb": [
        1,
        null,
        1,
        null,
        1,
        1,
        1,
        1,
        1,
        1,
        null,
        null,
        1,
        1,
        1,
        null,
        1,
        1,
        null,
        1,
        1,
        null,
        1,
        1,
        1,
        null,
        null,
        null,
        null,
        null,
        null,
        null,
        null,
        null,
        null
      ],
      "/Users/trey/Turing/Module2/dinner_dash/spec/features/user_adds_item_to_cart_spec.rb": [
        1,
        null,
        1,
        1,
        1,
        1,
        1,
        1,
        1,
        1,
        1,
        null,
        null,
        null,
        1,
        1,
        1,
        1,
        1,
        1,
        1,
        null,
        null,
        null,
        null,
        1,
        1,
        1,
        1,
        1,
        1,
        1,
        1,
        null,
        1,
        1,
        1,
        1,
        1,
        null,
        null,
        null,
        1,
        1,
        1,
        1,
        1,
        1,
        1,
        1,
        null,
        null,
        null,
        1,
        1,
        1,
        1,
        1,
        1,
        1,
        1,
        null,
        1,
        1,
        1,
        null,
        null,
        null,
        1,
        1,
        1,
        1,
        1,
        1,
        1,
        null,
        1,
        1,
        1,
        null,
        1,
        1,
        1,
        null,
        null,
        null,
        1,
        1,
        1,
        1,
        1,
        1,
        1,
        null,
        1,
        1,
        1,
        null,
        null,
        null,
        null
      ],
      "/Users/trey/Turing/Module2/dinner_dash/spec/features/user_logs_in_spec.rb": [
        1,
        null,
        1,
        null,
        1,
        null,
        1,
        1,
        1,
        1,
        1,
        null,
        null,
        null,
        1,
        1,
        1,
        1,
        1,
        1,
        null,
        null,
        null,
        1,
        1,
        1,
        1,
        1,
        1,
        null,
        null,
        null,
        1,
        1,
        null,
        null,
        1,
        1,
        1,
        1,
        null,
        1,
        1,
        1,
        1,
        1,
        1,
        1,
        1,
        1,
        1,
        1,
        1,
        1,
        null,
        null,
        null,
        1,
        2,
        null,
        null,
        null,
        1,
        1,
        1,
        1,
        1,
        1,
        null,
        null,
        null,
        null,
        1,
        2,
        null,
        null,
        null,
        null,
        1,
        1,
        1,
        1,
        1,
        1,
        null,
        null,
        null,
        null
      ],
      "/Users/trey/Turing/Module2/dinner_dash/spec/features/user_profile_feature_spec.rb": [
        null,
        null,
        null,
        null,
        null,
        null,
        null,
        null,
        null,
        null,
        null,
        null,
        null,
        null,
        null,
        null,
        null,
        null,
        null,
        null,
        null,
        null,
        null,
        null,
        null,
        null,
        null,
        null,
        null,
        null,
        null,
        null,
        null,
        null,
        null,
        null,
        null
      ],
      "/Users/trey/Turing/Module2/dinner_dash/spec/models/cart_spec.rb": [
        1,
        null,
        1,
        1,
        1,
        1,
        1,
        1,
        1,
        1,
        1,
        1,
        null,
        null,
        null
      ],
      "/Users/trey/Turing/Module2/dinner_dash/app/models/cart.rb": [
        1,
        1,
        null,
        1,
        66,
        null,
        null,
        1,
        11,
        11,
        null,
        null,
        1,
        24,
        46,
        24,
        null,
        null,
        1,
        1,
        null,
        null,
        1,
        2,
        null,
        null,
        1,
        2,
        1,
        null,
        1,
        null,
        null,
        null
      ],
      "/Users/trey/Turing/Module2/dinner_dash/spec/models/category_spec.rb": [
        1,
        null,
        1,
        1,
        1,
        1,
        1,
        null,
        null,
        null,
        null
      ],
      "/Users/trey/Turing/Module2/dinner_dash/app/models/category.rb": [
        1,
        1,
        1,
        null
      ],
      "/Users/trey/Turing/Module2/dinner_dash/spec/models/item_spec.rb": [
        1,
        null,
        1,
        1,
        1,
        1,
        1,
        null,
        null,
        1,
        1,
        1,
        null,
        null,
        1,
        1,
        1,
        null,
        null,
        1,
        1,
        1,
        null,
        null,
        null,
        1,
        1,
        1,
        1,
        null,
        null,
        null
      ],
      "/Users/trey/Turing/Module2/dinner_dash/app/models/item.rb": [
        1,
        1,
        1,
        1,
        1,
        null
      ],
      "/Users/trey/Turing/Module2/dinner_dash/spec/models/order_spec.rb": [
        1,
        null,
        1,
        null
      ],
      "/Users/trey/Turing/Module2/dinner_dash/app/models/order.rb": [
        1,
        1,
        null,
        null
      ],
      "/Users/trey/Turing/Module2/dinner_dash/spec/models/user_spec.rb": [
        1,
        null,
        1,
        1,
        null,
        1,
        1,
        1,
        null,
        null,
        1,
        1,
        1,
        null,
        null,
        null,
        1,
        1,
        1,
        null,
        null
      ],
      "/Users/trey/Turing/Module2/dinner_dash/app/models/user.rb": [
        1,
        1,
        1,
        1,
        null
      ],
      "/Users/trey/Turing/Module2/dinner_dash/app/controllers/items_controller.rb": [
        1,
        null,
        1,
        10,
        null,
        null,
        1,
        0,
        null,
        null,
        1,
        0,
        0,
        0,
        null,
        0,
        null,
        null,
        null,
        1,
        null,
        1,
        0,
        null,
        null
      ],
      "/Users/trey/Turing/Module2/dinner_dash/app/controllers/application_controller.rb": [
        1,
        1,
        1,
        1,
        1,
        null,
        null,
        null,
        null,
        null,
        1,
        65,
        null,
        null,
        1,
        54,
        null,
        null
      ],
      "/Users/trey/Turing/Module2/dinner_dash/app/controllers/categories_controller.rb": [
        1,
        null,
        1,
        2,
        null,
        null,
        null
      ],
      "/Users/trey/Turing/Module2/dinner_dash/app/controllers/cart_controller.rb": [
        1,
        1,
        9,
        9,
        9,
        null,
        null,
        1,
        1,
        1,
        null,
        null,
        1,
        4,
        2,
        2,
        2,
        2,
        2,
        null,
        null,
        null
      ],
      "/Users/trey/Turing/Module2/dinner_dash/app/controllers/sessions_controller.rb": [
        1,
        null,
        1,
        6,
        null,
        null,
        1,
        6,
        6,
        3,
        2,
        2,
        2,
        1,
        1,
        1,
        null,
        null,
        3,
        3,
        null,
        null,
        null,
        1,
        0,
        0,
        0,
        null,
        null,
        null
      ],
      "/Users/trey/Turing/Module2/dinner_dash/app/controllers/home_controller.rb": [
        1,
        1,
        null,
        null
      ],
      "/Users/trey/Turing/Module2/dinner_dash/app/controllers/admin/dashboard_controller.rb": [
        1,
        null,
        1,
        null,
        null,
        null,
        null
      ],
      "/Users/trey/Turing/Module2/dinner_dash/app/controllers/admin_controller.rb": [
        1,
        null,
        null
      ]
    },
    "timestamp": 1426546289
  }
}
